2014-11-05T00:29:49.461Z - info:  sourceApp=logUsage, action=ACAS Node server started, data=started, user=acas_system, transactionId=null
2014-11-05T00:29:49.724Z - info:  sourceApp=logUsage, action=ACAS API server started, data=started, user=acas_system, transactionId=null
2014-11-05T00:36:07.756Z - info:  sourceApp=logUsage, action=User logged in succesfully: , data=, user=bob, transactionId=null
2014-11-05T00:47:30.697Z - info:  sourceApp=logUsage, action=ACAS Node server started, data=started, user=acas_system, transactionId=null
2014-11-05T00:47:30.957Z - info:  sourceApp=logUsage, action=ACAS API server started, data=started, user=acas_system, transactionId=null
2014-11-05T00:47:36.909Z - info:  sourceApp=logUsage, action=User logged in succesfully: , data=, user=bob, transactionId=null
2014-11-05T00:55:11.835Z - info:  sourceApp=logUsage, action=ACAS Node server started, data=started, user=acas_system, transactionId=null
2014-11-05T00:55:12.099Z - info:  sourceApp=logUsage, action=ACAS API server started, data=started, user=acas_system, transactionId=null
2014-11-05T00:55:15.390Z - info:  sourceApp=logUsage, action=User logged in succesfully: , data=, user=bob, transactionId=null
2014-11-05T18:47:47.886Z - info:  sourceApp=logUsage, action=ACAS Node server started, data=started, user=acas_system, transactionId=null
2014-11-05T18:47:48.155Z - info:  sourceApp=logUsage, action=ACAS API server started, data=started, user=acas_system, transactionId=null
2014-11-05T18:51:48.842Z - info:  sourceApp=logUsage, action=User logged in succesfully: , data=, user=bob, transactionId=null
2014-11-05T19:36:38.321Z - info:  sourceApp=logUsage, action=ACAS Node server started, data=started, user=acas_system, transactionId=null
2014-11-05T19:36:38.576Z - info:  sourceApp=logUsage, action=ACAS API server started, data=started, user=acas_system, transactionId=null
2014-11-05T19:36:42.392Z - info:  sourceApp=logUsage, action=User logged in succesfully: , data=, user=bob, transactionId=null
2014-11-05T20:46:18.791Z - info:  sourceApp=logUsage, action=ACAS Node server started, data=started, user=acas_system, transactionId=null
2014-11-05T20:46:19.116Z - info:  sourceApp=logUsage, action=ACAS API server started, data=started, user=acas_system, transactionId=null
2014-11-05T20:46:39.142Z - info:  sourceApp=logUsage, action=User logged in succesfully: , data=, user=bob, transactionId=null
2014-11-05T21:19:20.577Z - info:  sourceApp=logUsage, action=ACAS Node server started, data=started, user=acas_system, transactionId=null
2014-11-05T21:19:20.841Z - info:  sourceApp=logUsage, action=ACAS API server started, data=started, user=acas_system, transactionId=null
2014-11-05T21:19:24.471Z - info:  sourceApp=logUsage, action=User logged in succesfully: , data=, user=bob, transactionId=null
2014-11-05T21:25:18.326Z - info:  sourceApp=logUsage, action=ACAS Node server started, data=started, user=acas_system, transactionId=null
2014-11-05T21:25:18.595Z - info:  sourceApp=logUsage, action=ACAS API server started, data=started, user=acas_system, transactionId=null
2014-11-05T21:25:26.192Z - info:  sourceApp=logUsage, action=User logged in succesfully: , data=, user=bob, transactionId=null
2014-11-05T21:25:26.467Z - info:  sourceApp=logUsage, action=User logged in succesfully: , data=, user=bob, transactionId=null
2014-11-06T18:25:42.030Z - info:  sourceApp=logUsage, action=ACAS Node server started, data=started, user=acas_system, transactionId=null
2014-11-06T18:25:42.288Z - info:  sourceApp=logUsage, action=ACAS API server started, data=started, user=acas_system, transactionId=null
2014-11-06T18:25:46.128Z - info:  sourceApp=logUsage, action=User logged in succesfully: , data=, user=bob, transactionId=null
2014-11-06T21:22:07.932Z - info:  sourceApp=logUsage, action=ACAS Node server started, data=started, user=acas_system, transactionId=null
2014-11-06T21:22:08.187Z - info:  sourceApp=logUsage, action=ACAS API server started, data=started, user=acas_system, transactionId=null
2014-11-06T21:22:17.740Z - info:  sourceApp=logUsage, action=User logged in succesfully: , data=, user=bob, transactionId=null
2014-11-06T23:34:45.718Z - info:  sourceApp=logUsage, action=ACAS Node server started, data=started, user=acas_system, transactionId=null
2014-11-06T23:34:45.976Z - info:  sourceApp=logUsage, action=ACAS API server started, data=started, user=acas_system, transactionId=null
2014-11-06T23:34:51.128Z - info:  sourceApp=logUsage, action=User logged in succesfully: , data=, user=bob, transactionId=null
2014-11-07T18:09:53.926Z - info:  sourceApp=logUsage, action=ACAS Node server started, data=started, user=acas_system, transactionId=null
2014-11-07T18:09:54.197Z - info:  sourceApp=logUsage, action=ACAS API server started, data=started, user=acas_system, transactionId=null
2014-11-07T18:09:57.702Z - info:  sourceApp=logUsage, action=User logged in succesfully: , data=, user=bob, transactionId=null
2014-11-07T18:50:27.798Z - info:  sourceApp=logUsage, action=ACAS Node server started, data=started, user=acas_system, transactionId=null
2014-11-07T18:50:28.066Z - info:  sourceApp=logUsage, action=ACAS API server started, data=started, user=acas_system, transactionId=null
2014-11-07T18:50:31.766Z - info:  sourceApp=logUsage, action=ACAS Node server started, data=started, user=acas_system, transactionId=null
2014-11-07T18:50:32.021Z - info:  sourceApp=logUsage, action=ACAS API server started, data=started, user=acas_system, transactionId=null
2014-11-07T18:50:34.972Z - info:  sourceApp=logUsage, action=User logged in succesfully: , data=, user=bob, transactionId=null
2014-11-07T19:15:50.749Z - info:  sourceApp=logUsage, action=ACAS Node server started, data=started, user=acas_system, transactionId=null
2014-11-07T19:15:51.011Z - info:  sourceApp=logUsage, action=ACAS API server started, data=started, user=acas_system, transactionId=null
2014-11-07T19:16:16.445Z - info:  sourceApp=logUsage, action=User logged in succesfully: , data=, user=bob, transactionId=null
2014-11-07T19:18:18.948Z - info:  sourceApp=logUsage, action=ACAS Node server started, data=started, user=acas_system, transactionId=null
2014-11-07T19:18:19.245Z - info:  sourceApp=logUsage, action=ACAS API server started, data=started, user=acas_system, transactionId=null
2014-11-07T19:18:22.074Z - info:  sourceApp=logUsage, action=User logged in succesfully: , data=, user=bob, transactionId=null
2014-11-07T19:26:56.971Z - info:  sourceApp=logUsage, action=ACAS Node server started, data=started, user=acas_system, transactionId=null
2014-11-07T19:26:57.281Z - info:  sourceApp=logUsage, action=ACAS API server started, data=started, user=acas_system, transactionId=null
2014-11-07T19:26:59.817Z - info:  sourceApp=logUsage, action=User logged in succesfully: , data=, user=bob, transactionId=null
2014-11-07T20:24:23.858Z - info:  sourceApp=logUsage, action=ACAS Node server started, data=started, user=acas_system, transactionId=null
2014-11-07T20:24:24.189Z - info:  sourceApp=logUsage, action=ACAS API server started, data=started, user=acas_system, transactionId=null
2014-11-07T20:24:40.430Z - info:  sourceApp=logUsage, action=User logged in succesfully: , data=, user=bob, transactionId=null
2014-11-07T20:29:32.717Z - info:  sourceApp=logUsage, action=ACAS Node server started, data=started, user=acas_system, transactionId=null
2014-11-07T20:29:33.028Z - info:  sourceApp=logUsage, action=ACAS API server started, data=started, user=acas_system, transactionId=null
2014-11-07T20:29:37.691Z - info:  sourceApp=logUsage, action=User logged in succesfully: , data=, user=bob, transactionId=null
2014-11-07T20:30:38.591Z - info:  sourceApp=logUsage, action=ACAS Node server started, data=started, user=acas_system, transactionId=null
2014-11-07T20:30:38.889Z - info:  sourceApp=logUsage, action=ACAS API server started, data=started, user=acas_system, transactionId=null
2014-11-07T20:30:43.082Z - info:  sourceApp=logUsage, action=User logged in succesfully: , data=, user=bob, transactionId=null
2014-11-07T20:32:32.872Z - info:  sourceApp=logUsage, action=ACAS Node server started, data=started, user=acas_system, transactionId=null
2014-11-07T20:32:33.210Z - info:  sourceApp=logUsage, action=ACAS API server started, data=started, user=acas_system, transactionId=null
2014-11-07T20:32:43.871Z - info:  sourceApp=logUsage, action=Connection to authentication service failed: , data=, user=bob, transactionId=null
2014-11-07T20:32:46.532Z - info:  sourceApp=logUsage, action=Connection to authentication service failed: , data=, user=bob, transactionId=null
2014-11-07T20:32:55.103Z - info:  sourceApp=logUsage, action=ACAS Node server started, data=started, user=acas_system, transactionId=null
2014-11-07T20:32:55.419Z - info:  sourceApp=logUsage, action=ACAS API server started, data=started, user=acas_system, transactionId=null
2014-11-07T20:33:15.443Z - info:  sourceApp=logUsage, action=User logged in succesfully: , data=, user=bob, transactionId=null
2014-11-07T20:39:05.022Z - info:  sourceApp=logUsage, action=ACAS Node server started, data=started, user=acas_system, transactionId=null
2014-11-07T20:39:05.279Z - info:  sourceApp=logUsage, action=ACAS API server started, data=started, user=acas_system, transactionId=null
2014-11-07T20:39:11.491Z - info:  sourceApp=logUsage, action=User logged in succesfully: , data=, user=bob, transactionId=null
2014-11-10T21:28:31.385Z - info:  sourceApp=logUsage, action=ACAS Node server started, data=started, user=acas_system, transactionId=null
2014-11-10T21:28:31.648Z - info:  sourceApp=logUsage, action=ACAS API server started, data=started, user=acas_system, transactionId=null
2014-11-10T21:32:13.867Z - info:  sourceApp=logUsage, action=User logged in succesfully: , data=, user=bob, transactionId=null
2014-11-10T21:36:03.149Z - info:  sourceApp=logUsage, action=ACAS Node server started, data=started, user=acas_system, transactionId=null
2014-11-10T21:36:03.421Z - info:  sourceApp=logUsage, action=ACAS API server started, data=started, user=acas_system, transactionId=null
2014-11-10T21:38:48.409Z - info:  sourceApp=logUsage, action=User logged in succesfully: , data=, user=bob, transactionId=null
2014-11-10T22:02:51.470Z - info:  sourceApp=logUsage, action=ACAS Node server started, data=started, user=acas_system, transactionId=null
2014-11-10T22:02:51.725Z - info:  sourceApp=logUsage, action=ACAS API server started, data=started, user=acas_system, transactionId=null
2014-11-10T22:03:06.655Z - info:  sourceApp=logUsage, action=User logged in succesfully: , data=, user=bob, transactionId=null
2014-11-10T22:18:59.683Z - info:  sourceApp=logUsage, action=ACAS Node server started, data=started, user=acas_system, transactionId=null
2014-11-10T22:18:59.943Z - info:  sourceApp=logUsage, action=ACAS API server started, data=started, user=acas_system, transactionId=null
2014-11-10T22:19:05.398Z - info:  sourceApp=logUsage, action=User logged in succesfully: , data=, user=bob, transactionId=null
2014-11-10T22:22:00.627Z - info:  sourceApp=logUsage, action=ACAS Node server started, data=started, user=acas_system, transactionId=null
2014-11-10T22:22:26.632Z - info:  sourceApp=logUsage, action=ACAS Node server started, data=started, user=acas_system, transactionId=null
2014-11-10T22:22:26.890Z - info:  sourceApp=logUsage, action=ACAS API server started, data=started, user=acas_system, transactionId=null
2014-11-10T22:22:31.078Z - info:  sourceApp=logUsage, action=User logged in succesfully: , data=, user=bob, transactionId=null
2014-11-10T22:26:46.465Z - info:  sourceApp=logUsage, action=ACAS Node server started, data=started, user=acas_system, transactionId=null
2014-11-10T22:26:46.718Z - info:  sourceApp=logUsage, action=ACAS API server started, data=started, user=acas_system, transactionId=null
2014-11-10T22:27:00.738Z - info:  sourceApp=logUsage, action=User logged in succesfully: , data=, user=bob, transactionId=null
2014-11-10T22:30:56.946Z - info:  sourceApp=logUsage, action=ACAS Node server started, data=started, user=acas_system, transactionId=null
2014-11-10T22:30:57.200Z - info:  sourceApp=logUsage, action=ACAS API server started, data=started, user=acas_system, transactionId=null
2014-11-10T22:31:00.097Z - info:  sourceApp=logUsage, action=User logged in succesfully: , data=, user=bob, transactionId=null
2014-11-10T22:31:15.498Z - info:  sourceApp=logUsage, action=ACAS Node server started, data=started, user=acas_system, transactionId=null
2014-11-10T22:31:15.788Z - info:  sourceApp=logUsage, action=ACAS API server started, data=started, user=acas_system, transactionId=null
2014-11-10T22:31:17.790Z - info:  sourceApp=logUsage, action=User logged in succesfully: , data=, user=bob, transactionId=null
2014-11-10T22:32:41.556Z - info:  sourceApp=logUsage, action=ACAS Node server started, data=started, user=acas_system, transactionId=null
2014-11-10T22:32:41.819Z - info:  sourceApp=logUsage, action=ACAS API server started, data=started, user=acas_system, transactionId=null
2014-11-10T22:32:45.216Z - info:  sourceApp=logUsage, action=User logged in succesfully: , data=, user=bob, transactionId=null
2014-11-10T22:33:00.352Z - info:  sourceApp=logUsage, action=ACAS Node server started, data=started, user=acas_system, transactionId=null
2014-11-10T22:33:00.607Z - info:  sourceApp=logUsage, action=ACAS API server started, data=started, user=acas_system, transactionId=null
2014-11-10T22:33:03.897Z - info:  sourceApp=logUsage, action=User logged in succesfully: , data=, user=bob, transactionId=null
2014-11-10T22:33:21.187Z - info:  sourceApp=logUsage, action=User logged in succesfully: , data=, user=bob, transactionId=null
2014-11-10T22:33:57.349Z - info:  sourceApp=logUsage, action=ACAS Node server started, data=started, user=acas_system, transactionId=null
2014-11-10T22:33:57.602Z - info:  sourceApp=logUsage, action=ACAS API server started, data=started, user=acas_system, transactionId=null
2014-11-10T22:34:01.289Z - info:  sourceApp=logUsage, action=User logged in succesfully: , data=, user=bob, transactionId=null
2014-11-10T22:39:26.676Z - info:  sourceApp=logUsage, action=ACAS Node server started, data=started, user=acas_system, transactionId=null
2014-11-10T22:39:26.942Z - info:  sourceApp=logUsage, action=ACAS API server started, data=started, user=acas_system, transactionId=null
2014-11-10T22:39:31.495Z - info:  sourceApp=logUsage, action=User logged in succesfully: , data=, user=bob, transactionId=null
2014-11-10T22:51:07.957Z - info:  sourceApp=logUsage, action=ACAS Node server started, data=started, user=acas_system, transactionId=null
2014-11-10T22:51:08.240Z - info:  sourceApp=logUsage, action=ACAS API server started, data=started, user=acas_system, transactionId=null
2014-11-10T22:51:11.476Z - info:  sourceApp=logUsage, action=User logged in succesfully: , data=, user=bob, transactionId=null
2014-11-10T22:52:11.575Z - info:  sourceApp=logUsage, action=ACAS Node server started, data=started, user=acas_system, transactionId=null
2014-11-10T22:52:11.835Z - info:  sourceApp=logUsage, action=ACAS API server started, data=started, user=acas_system, transactionId=null
2014-11-10T22:52:14.754Z - info:  sourceApp=logUsage, action=User logged in succesfully: , data=, user=bob, transactionId=null
2014-11-10T22:53:58.544Z - info:  sourceApp=logUsage, action=ACAS Node server started, data=started, user=acas_system, transactionId=null
2014-11-10T22:53:58.806Z - info:  sourceApp=logUsage, action=ACAS API server started, data=started, user=acas_system, transactionId=null
2014-11-10T22:54:03.170Z - info:  sourceApp=logUsage, action=User logged in succesfully: , data=, user=bob, transactionId=null
2014-11-10T22:54:39.353Z - info:  sourceApp=logUsage, action=ACAS Node server started, data=started, user=acas_system, transactionId=null
2014-11-10T22:54:39.605Z - info:  sourceApp=logUsage, action=ACAS API server started, data=started, user=acas_system, transactionId=null
2014-11-10T22:54:42.926Z - info:  sourceApp=logUsage, action=User logged in succesfully: , data=, user=bob, transactionId=null
2014-11-10T23:27:54.736Z - info:  sourceApp=logUsage, action=ACAS Node server started, data=started, user=acas_system, transactionId=null
2014-11-10T23:27:55.000Z - info:  sourceApp=logUsage, action=ACAS API server started, data=started, user=acas_system, transactionId=null
2014-11-10T23:28:02.771Z - info:  sourceApp=logUsage, action=User logged in succesfully: , data=, user=bob, transactionId=null
2014-11-10T23:28:03.274Z - info:  sourceApp=logUsage, action=User logged in succesfully: , data=, user=bob, transactionId=null
2014-11-10T23:33:16.541Z - info:  sourceApp=logUsage, action=ACAS Node server started, data=started, user=acas_system, transactionId=null
2014-11-10T23:33:16.790Z - info:  sourceApp=logUsage, action=ACAS API server started, data=started, user=acas_system, transactionId=null
2014-11-10T23:33:20.392Z - info:  sourceApp=logUsage, action=User logged in succesfully: , data=, user=bob, transactionId=null
2014-11-10T23:37:15.134Z - info:  sourceApp=logUsage, action=ACAS Node server started, data=started, user=acas_system, transactionId=null
2014-11-10T23:37:15.434Z - info:  sourceApp=logUsage, action=ACAS API server started, data=started, user=acas_system, transactionId=null
2014-11-10T23:37:21.111Z - info:  sourceApp=logUsage, action=User logged in succesfully: , data=, user=bob, transactionId=null
2014-11-11T00:28:13.580Z - info:  sourceApp=logUsage, action=ACAS Node server started, data=started, user=acas_system, transactionId=null
2014-11-11T00:28:13.862Z - info:  sourceApp=logUsage, action=ACAS API server started, data=started, user=acas_system, transactionId=null
2014-11-11T00:28:31.097Z - info:  sourceApp=logUsage, action=User logged in succesfully: , data=, user=bob, transactionId=null
2014-11-11T00:48:26.044Z - info:  sourceApp=logUsage, action=About to call R function: bulkLoadContainersFromSDF, data={"fileToParse":"public/src/modules/BulkLoadContainersFromSDF/spec/specFiles/IFF_Mock data_Confirmation_Update.sdf","dryRun":"true","user":"jmcneil"}, user=jmcneil, transactionId=null
2014-11-11T00:48:26.519Z - info:  sourceApp=logUsage, action=Returned success from R function with trapped errors: bulkLoadContainersFromSDF, data={"commit":false,"transactionId":null,"results":{"path":"/Users/evagao/Documents/McNeilCo/acas","fileToParse":"public/src/modules/BulkLoadContainersFromSDF/spec/specFiles/IFF_Mock data_Confirmation_Update.sdf","dryRun":"true","htmlSummary":"<h2>load summary goes here</h2><h3>More info</h3>"},"hasError":false,"hasWarning":true,"errorMessages":[]}, user=jmcneil, transactionId=null
2014-11-11T00:48:26.543Z - info:  sourceApp=logUsage, action=About to call R function: bulkLoadContainersFromSDF, data={"fileToParse":"public/src/modules/BulkLoadContainersFromSDF/spec/specFiles/InputFile_with_error.sdf","dryRun":"true","user":"jmcneil"}, user=jmcneil, transactionId=null
2014-11-11T00:48:26.711Z - info:  sourceApp=logUsage, action=Returned success from R function with trapped errors: bulkLoadContainersFromSDF, data={"commit":false,"transactionId":null,"results":{"path":"/Users/evagao/Documents/McNeilCo/acas","fileToParse":"public/src/modules/BulkLoadContainersFromSDF/spec/specFiles/InputFile_with_error.sdf","dryRun":"true","htmlSummary":"<h2>load summary goes here</h2><h3>More info</h3>"},"hasError":true,"hasWarning":true,"errorMessages":[{"errorLevel":"error","message":"Input file not found"}]}, user=jmcneil, transactionId=null
2014-11-11T00:48:26.818Z - info:  sourceApp=logUsage, action=About to call R function: bulkLoadSampleTransfers, data={"fileToParse":"public/src/modules/BulkLoadSampleTransfers/spec/specFiles/SampleTransfers_good.csv","dryRun":"true","user":"jmcneil"}, user=jmcneil, transactionId=null
2014-11-11T00:48:26.972Z - info:  sourceApp=logUsage, action=Returned success from R function with trapped errors: bulkLoadSampleTransfers, data={"commit":false,"transactionId":null,"results":{"path":"/Users/evagao/Documents/McNeilCo/acas","fileToParse":"public/src/modules/BulkLoadSampleTransfers/spec/specFiles/SampleTransfers_good.csv","dryRun":"true","htmlSummary":"<h2>load summary goes here</h2><h3>More info</h3>"},"hasError":false,"hasWarning":true,"errorMessages":[]}, user=jmcneil, transactionId=null
2014-11-11T00:48:27.004Z - info:  sourceApp=logUsage, action=About to call R function: bulkLoadSampleTransfers, data={"fileToParse":"public/src/modules/BulkLoadSampleTransfers/spec/specFiles/SampleTransfers_with_error.csv","dryRun":"true","user":"jmcneil"}, user=jmcneil, transactionId=null
2014-11-11T00:48:27.154Z - info:  sourceApp=logUsage, action=Returned success from R function with trapped errors: bulkLoadSampleTransfers, data={"commit":false,"transactionId":null,"results":{"path":"/Users/evagao/Documents/McNeilCo/acas","fileToParse":"public/src/modules/BulkLoadSampleTransfers/spec/specFiles/SampleTransfers_with_error.csv","dryRun":"true","htmlSummary":"<h2>load summary goes here</h2><h3>More info</h3>"},"hasError":true,"hasWarning":true,"errorMessages":[{"errorLevel":"error","message":"Input file not found"}]}, user=jmcneil, transactionId=null
2014-11-11T00:48:45.894Z - info:  sourceApp=logUsage, action=About to call R function: saveDocForBatches, data={"docForBatches":{"id":"1235","docUpload":{"id":"1234","url":"","currentFileName":"exampleUploadedFile.txt","docType":"file","description":"test description"},"batchNameList":[{"id":"11","requestName":"CMPD-0000007-01","preferredName":"CMPD-0000007-01","comment":"good"},{"id":"12","requestName":"CMPD_1111","preferredName":"CMPD_1112","comment":"ok"},{"id":"13","requestName":"CMPD_1111","preferredName":"CMPD_1113","comment":"bad"}]},"user":"jmcneil"}, user=jmcneil, transactionId=null
2014-11-11T00:48:46.176Z - info:  sourceApp=logUsage, action=Returned success from R function with trapped errors: saveDocForBatches, data={"commit":false,"transactionId":1,"results":{"id":1},"error":false,"errorMessages":[]}, user=jmcneil, transactionId=null
2014-11-11T00:48:48.969Z - info:  sourceApp=logUsage, action=About to call R function: saveDocForBatches, data={"docForBatches":{"id":"1235","docUpload":{"id":"1234","url":"","currentFileName":"exampleUploadedFile.txt","docType":"file","description":"test description"},"batchNameList":[{"id":"11","requestName":"CMPD-0000007-01","preferredName":"CMPD-0000007-01","comment":"good"},{"id":"12","requestName":"CMPD_1111","preferredName":"CMPD_1112","comment":"ok"},{"id":"13","requestName":"CMPD_1111","preferredName":"CMPD_1113","comment":"bad"}]},"user":"jmcneil"}, user=jmcneil, transactionId=null
2014-11-11T00:48:49.120Z - info:  sourceApp=logUsage, action=Returned success from R function with trapped errors: saveDocForBatches, data={"commit":false,"transactionId":1,"results":{"id":1},"error":false,"errorMessages":[]}, user=jmcneil, transactionId=null
2014-11-11T00:48:51.954Z - info:  sourceApp=logUsage, action=About to call R function: saveDocForBatches, data={"docForBatches":{"id":"1235","docUpload":{"id":"1234","url":"","currentFileName":"exampleUploadedFile.txt","docType":"file","description":"test description"},"batchNameList":[{"id":"11","requestName":"CMPD-0000007-01","preferredName":"CMPD-0000007-01","comment":"good"},{"id":"12","requestName":"CMPD_1111","preferredName":"CMPD_1112","comment":"ok"},{"id":"13","requestName":"CMPD_1111","preferredName":"CMPD_1113","comment":"bad"}]},"user":"jmcneil"}, user=jmcneil, transactionId=null
2014-11-11T00:48:52.101Z - info:  sourceApp=logUsage, action=Returned success from R function with trapped errors: saveDocForBatches, data={"commit":false,"transactionId":1,"results":{"id":1},"error":false,"errorMessages":[]}, user=jmcneil, transactionId=null
2014-11-11T00:48:55.321Z - info:  sourceApp=logUsage, action=About to call R function: saveDocForBatches, data={"docForBatches":{"id":"1235","docUpload":{"id":"1234","url":"","currentFileName":"exampleUploadedFile.txt","docType":"file","description":"test description"},"batchNameList":[{"id":"11","requestName":"CMPD-0000007-01","preferredName":"","comment":"good"},{"id":"12","requestName":"CMPD_1111","preferredName":"CMPD_1112","comment":"ok"},{"id":"13","requestName":"CMPD_1111","preferredName":"CMPD_1113","comment":"bad"}]},"user":"jmcneil"}, user=jmcneil, transactionId=null
2014-11-11T00:48:55.559Z - info:  sourceApp=logUsage, action=Returned success from R function with trapped errors: saveDocForBatches, data={"commit":false,"transactionId":null,"results":{"id":null},"error":true,"errorMessages":[{"errorLevel":"error","message":"Batch none_1234::1 does not exist"}]}, user=jmcneil, transactionId=null
2014-11-11T00:48:58.888Z - info:  sourceApp=logUsage, action=About to call R function: saveDocForBatches, data={"docForBatches":{"id":"1235","docUpload":{"id":"1234","url":"","currentFileName":"exampleUploadedFile.txt","docType":"file","description":"test description"},"batchNameList":[{"id":"11","requestName":"CMPD-0000007-01","preferredName":"","comment":"good"},{"id":"12","requestName":"CMPD_1111","preferredName":"CMPD_1112","comment":"ok"},{"id":"13","requestName":"CMPD_1111","preferredName":"CMPD_1113","comment":"bad"}]},"user":"jmcneil"}, user=jmcneil, transactionId=null
2014-11-11T00:48:59.051Z - info:  sourceApp=logUsage, action=Returned success from R function with trapped errors: saveDocForBatches, data={"commit":false,"transactionId":null,"results":{"id":null},"error":true,"errorMessages":[{"errorLevel":"error","message":"Batch none_1234::1 does not exist"}]}, user=jmcneil, transactionId=null
2014-11-11T00:49:01.192Z - info:  sourceApp=logUsage, action=About to call R function: saveDocForBatches, data={"docForBatches":{"id":"1235","docUpload":{"id":"1234","url":"","currentFileName":"exampleUploadedFile.txt","docType":"file","description":"test description"},"batchNameList":[{"id":"11","requestName":"CMPD-0000007-01","preferredName":"","comment":"good"},{"id":"12","requestName":"CMPD_1111","preferredName":"CMPD_1112","comment":"ok"},{"id":"13","requestName":"CMPD_1111","preferredName":"CMPD_1113","comment":"bad"}]},"user":"jmcneil"}, user=jmcneil, transactionId=null
2014-11-11T00:49:01.340Z - info:  sourceApp=logUsage, action=Returned success from R function with trapped errors: saveDocForBatches, data={"commit":false,"transactionId":null,"results":{"id":null},"error":true,"errorMessages":[{"errorLevel":"error","message":"Batch none_1234::1 does not exist"}]}, user=jmcneil, transactionId=null
2014-11-11T00:49:21.051Z - info:  sourceApp=logUsage, action=About to call R function: fitDoseResponse, data={"inputParameters":{"max":{"limitType":"pin","value":"100"},"min":{"limitType":"none","value":""},"slope":{"limitType":"limit","value":"1.5"},"inactiveThreshold":"20","inverseAgonistMode":"true"},"user":"jmcneil","experimentCode":"EXPT-0000001","testMode":"true"}, user=jmcneil, transactionId=null
2014-11-11T00:49:21.297Z - info:  sourceApp=logUsage, action=Returned success from R function with trapped errors: fitDoseResponse, data={"transactionId":1,"results":{"htmlSummary":"<h2>fit summary goes here</h2><h3>More info</h3>","status":"complete"},"hasError":false,"hasWarning":false,"errorMessages":[]}, user=jmcneil, transactionId=null
2014-11-11T00:49:22.929Z - info:  sourceApp=logUsage, action=About to call R function: fitDoseResponse, data={"inputParameters":{"max":{"limitType":"pin","value":"100"},"min":{"limitType":"none","value":""},"slope":{"limitType":"limit","value":"1.5"},"inactiveThreshold":"20","inverseAgonistMode":"true"},"user":"jmcneil","experimentCode":"EXPT-fail","testMode":"true"}, user=jmcneil, transactionId=null
2014-11-11T00:49:23.073Z - info:  sourceApp=logUsage, action=Returned success from R function with trapped errors: fitDoseResponse, data={"transactionId":null,"results":{"htmlSummary":"<h2>fit summary goes here</h2><h3>More info</h3>","status":"error"},"hasError":true,"hasWarning":false,"errorMessages":[{"errorLevel":"error","message":"Input file not found"}]}, user=jmcneil, transactionId=null
2014-11-11T00:50:20.992Z - info:  sourceApp=logUsage, action=About to call R function: parseGenericData, data={"fileToParse":"public/src/modules/GenericDataParser/spec/specFiles/ExampleInputFormat_with_Curve_with_warnings.xls","reportFile":"","dryRunMode":"true","requireDoseResponse":"true","user":"jmcneil","testMode":"true"}, user=jmcneil, transactionId=null
2014-11-11T00:50:21.295Z - info:  sourceApp=logUsage, action=Returned success from R function with trapped errors: parseGenericData, data={"commit":false,"transactionId":null,"results":{"path":"/Users/evagao/Documents/McNeilCo/acas","fileToParse":"public/src/modules/GenericDataParser/spec/specFiles/ExampleInputFormat_with_Curve_with_warnings.xls","dryRun":"true","htmlSummary":"<h2>load summary goes here</h2><h3>More info</h3>"},"hasError":false,"hasWarning":true,"errorMessages":[]}, user=jmcneil, transactionId=null
2014-11-11T00:50:23.898Z - info:  sourceApp=logUsage, action=About to call R function: parseGenericData, data={"fileToParse":"public/src/modules/GenericDataParser/spec/specFiles/ExampleInputFormat_with_error.xls","reportFile":"","dryRunMode":"true","user":"jmcneil","testMode":"true"}, user=jmcneil, transactionId=null
2014-11-11T00:50:24.052Z - info:  sourceApp=logUsage, action=Returned success from R function with trapped errors: parseGenericData, data={"commit":false,"transactionId":null,"results":{"path":"/Users/evagao/Documents/McNeilCo/acas","fileToParse":"public/src/modules/GenericDataParser/spec/specFiles/ExampleInputFormat_with_error.xls","dryRun":"true","htmlSummary":"<h2>load summary goes here</h2><h3>More info</h3>"},"hasError":true,"hasWarning":true,"errorMessages":[{"errorLevel":"error","message":"Input file not found"}]}, user=jmcneil, transactionId=null
2014-11-11T00:50:27.134Z - info:  sourceApp=logUsage, action=About to call R function: parseGenericData, data={"fileToParse":"public/src/modules/GenericDataParser/spec/specFiles/ExampleInputFormat_with_Curve_with_warnings.xls","reportFile":"","dryRunMode":"false","requireDoseResponse":"true","user":"jmcneil","testMode":"true"}, user=jmcneil, transactionId=null
2014-11-11T00:50:27.281Z - info:  sourceApp=logUsage, action=Returned success from R function with trapped errors: parseGenericData, data={"commit":false,"transactionId":null,"results":{"path":"/Users/evagao/Documents/McNeilCo/acas","fileToParse":"public/src/modules/GenericDataParser/spec/specFiles/ExampleInputFormat_with_Curve_with_warnings.xls","dryRun":"false","htmlSummary":"<h2>load summary goes here</h2><h3>More info</h3>","experimentCode":"EXPT-000001"},"hasError":false,"hasWarning":true,"errorMessages":[]}, user=jmcneil, transactionId=null
2014-11-11T00:52:18.646Z - info:  sourceApp=logUsage, action=About to call R function: runPrimaryAnalysis, data={"primaryAnalysisExperimentId":"332134","fileToParse":"/var/www/rScripts/specFiles/primaryAnalysis/GoodFLIPRMinMaxSet1/rawData.zip","analysisParameters":{"positiveControl":{"batchCode":"CMPD-12345678-01","concentration":"10","concentrationUnits":"uM"},"negativeControl":{"batchCode":"CMPD-87654321-01","concentration":"1","concentrationUnits":"uM"},"agonistControl":{"batchCode":"CMPD-87654399-01","concentration":"250753.77","concentrationUnits":"uM"},"vehicleControl":{"batchCode":"CMPD-00000001-01","concentration":"","concentrationUnits":""},"instrumentReader":"flipr","signalDirectionRule":"increasing","aggregateBy1":"compound batch concentration","aggregateBy2":"median","normalizationRule":"plate order only","hitEfficacyThreshold":"42","hitSDThreshold":"5","thresholdType":"sd","transferVolume":"12","dilutionFactor":"21","volumeType":"dilution","assayVolume":"24","autoHitSelection":"false","htsFormat":"false","matchReadName":"false","primaryAnalysisReadList":[{"readPosition":"11","readName":"none","activity":"true"},{"readPosition":"12","readName":"fluorescence","activity":"false"},{"readPosition":"13","readName":"luminescence","activity":"false"}],"transformationRuleList":[{"transformationRule":"% efficacy"},{"transformationRule":"sd"},{"transformationRule":"null"}]},"user":"jmcneil","dryRun":"true"}, user=jmcneil, transactionId=null
2014-11-11T00:52:19.086Z - info:  sourceApp=logUsage, action=Returned success from R function with trapped errors: runPrimaryAnalysis, data={"commit":false,"transactionId":null,"results":{"fileToParse":"/var/www/rScripts/specFiles/primaryAnalysis/GoodFLIPRMinMaxSet1/rawData.zip","dryRun":"true","htmlSummary":"<h2>load summary goes here</h2><h3>More info</h3>"},"hasError":false,"hasWarning":true,"errorMessages":[]}, user=jmcneil, transactionId=null
2014-11-11T00:52:19.378Z - info:  sourceApp=logUsage, action=About to call R function: runPrimaryAnalysis, data={"primaryAnalysisExperimentId":"332134","fileToParse":"/var/www/rScripts/specFiles/primaryAnalysis/GoodFLIPRMinMaxSet1/rawData.zip_with_error","analysisParameters":{"positiveControl":{"batchCode":"CMPD-12345678-01","concentration":"10","concentrationUnits":"uM"},"negativeControl":{"batchCode":"CMPD-87654321-01","concentration":"1","concentrationUnits":"uM"},"agonistControl":{"batchCode":"CMPD-87654399-01","concentration":"250753.77","concentrationUnits":"uM"},"vehicleControl":{"batchCode":"CMPD-00000001-01","concentration":"","concentrationUnits":""},"instrumentReader":"flipr","signalDirectionRule":"increasing","aggregateBy1":"compound batch concentration","aggregateBy2":"median","normalizationRule":"plate order only","hitEfficacyThreshold":"42","hitSDThreshold":"5","thresholdType":"sd","transferVolume":"12","dilutionFactor":"21","volumeType":"dilution","assayVolume":"24","autoHitSelection":"false","htsFormat":"false","matchReadName":"false","primaryAnalysisReadList":[{"readPosition":"11","readName":"none","activity":"true"},{"readPosition":"12","readName":"fluorescence","activity":"false"},{"readPosition":"13","readName":"luminescence","activity":"false"}],"transformationRuleList":[{"transformationRule":"% efficacy"},{"transformationRule":"sd"},{"transformationRule":"null"}]},"user":"jmcneil","dryRun":"true"}, user=jmcneil, transactionId=null
2014-11-11T00:52:19.528Z - info:  sourceApp=logUsage, action=Returned success from R function with trapped errors: runPrimaryAnalysis, data={"commit":false,"transactionId":null,"results":{"fileToParse":"/var/www/rScripts/specFiles/primaryAnalysis/GoodFLIPRMinMaxSet1/rawData.zip_with_error","dryRun":"true","htmlSummary":"<h2>load summary goes here</h2><h3>More info</h3>"},"hasError":true,"hasWarning":true,"errorMessages":[{"errorLevel":"error","message":"Input file not found"}]}, user=jmcneil, transactionId=null
2014-11-11T00:52:19.937Z - info:  sourceApp=logUsage, action=About to call R function: runPrimaryAnalysis, data={"primaryAnalysisExperimentId":"332134","fileToParse":"/var/www/rScripts/specFiles/primaryAnalysis/GoodFLIPRMinMaxSet1/rawData.zip_with_error_with_error","analysisParameters":{"positiveControl":{"batchCode":"CMPD-12345678-01","concentration":"10","concentrationUnits":"uM"},"negativeControl":{"batchCode":"CMPD-87654321-01","concentration":"1","concentrationUnits":"uM"},"agonistControl":{"batchCode":"CMPD-87654399-01","concentration":"250753.77","concentrationUnits":"uM"},"vehicleControl":{"batchCode":"CMPD-00000001-01","concentration":"","concentrationUnits":""},"instrumentReader":"flipr","signalDirectionRule":"increasing","aggregateBy1":"compound batch concentration","aggregateBy2":"median","normalizationRule":"plate order only","hitEfficacyThreshold":"42","hitSDThreshold":"5","thresholdType":"sd","transferVolume":"12","dilutionFactor":"21","volumeType":"dilution","assayVolume":"24","autoHitSelection":"false","htsFormat":"false","matchReadName":"false","primaryAnalysisReadList":[{"readPosition":"11","readName":"none","activity":"true"},{"readPosition":"12","readName":"fluorescence","activity":"false"},{"readPosition":"13","readName":"luminescence","activity":"false"}],"transformationRuleList":[{"transformationRule":"% efficacy"},{"transformationRule":"sd"},{"transformationRule":"null"}]},"user":"jmcneil","dryRun":"true"}, user=jmcneil, transactionId=null
2014-11-11T00:52:20.086Z - info:  sourceApp=logUsage, action=Returned success from R function with trapped errors: runPrimaryAnalysis, data={"commit":false,"transactionId":null,"results":{"fileToParse":"/var/www/rScripts/specFiles/primaryAnalysis/GoodFLIPRMinMaxSet1/rawData.zip_with_error_with_error","dryRun":"true","htmlSummary":"<h2>load summary goes here</h2><h3>More info</h3>"},"hasError":true,"hasWarning":true,"errorMessages":[{"errorLevel":"error","message":"Input file not found"}]}, user=jmcneil, transactionId=null
2014-11-11T00:52:21.419Z - info:  sourceApp=logUsage, action=About to call R function: runRFunctionTest, data={"fileToParse":"public/src/modules/BulkLoadSampleTransfers/spec/specFiles/SampleTransfers_good.csv","dryRun":"true","user":"jmcneil"}, user=jmcneil, transactionId=null
2014-11-11T00:52:21.592Z - info:  sourceApp=logUsage, action=Returned success from R function with trapped errors: runRFunctionTest, data={"commit":false,"transactionId":null,"results":{"path":"/Users/evagao/Documents/McNeilCo/acas","fileToParse":"public/src/modules/BulkLoadSampleTransfers/spec/specFiles/SampleTransfers_good.csv","dryRun":"true","htmlSummary":"<h2>load summary goes here</h2><h3>More info</h3>"},"hasError":false,"hasWarning":true,"errorMessages":[]}, user=jmcneil, transactionId=null
2014-11-11T00:52:21.645Z - info:  sourceApp=logUsage, action=About to call R function: runRFunctionTest, data={"fileToParse":"public/src/modules/BulkLoadSampleTransfers/spec/specFiles/SampleTransfers_good.csv","dryRun":"true"}, user=undefined, transactionId=null
2014-11-11T00:52:21.687Z - info:  sourceApp=logUsage, action=About to call R function: runRFunctionTest, data={"fileToParse":"public/src/modules/BulkLoadSampleTransfers/spec/specFiles/SampleTransfers_good.csv","dryRun":"true"}, user=undefined, transactionId=null
2014-11-11T00:55:57.112Z - info:  sourceApp=logUsage, action=ACAS Node server started, data=started, user=acas_system, transactionId=null
2014-11-11T00:55:57.391Z - info:  sourceApp=logUsage, action=ACAS API server started, data=started, user=acas_system, transactionId=null
2014-11-11T00:56:03.627Z - info:  sourceApp=logUsage, action=User logged in succesfully: , data=, user=bob, transactionId=null
2014-11-11T22:33:42.166Z - info:  sourceApp=logUsage, action=ACAS Node server started, data=started, user=acas_system, transactionId=null
2014-11-11T22:33:42.452Z - info:  sourceApp=logUsage, action=ACAS API server started, data=started, user=acas_system, transactionId=null
2014-11-11T22:33:47.597Z - info:  sourceApp=logUsage, action=User logged in succesfully: , data=, user=bob, transactionId=null
2014-11-11T22:40:36.131Z - info:  sourceApp=logUsage, action=ACAS Node server started, data=started, user=acas_system, transactionId=null
2014-11-11T22:40:36.409Z - info:  sourceApp=logUsage, action=ACAS API server started, data=started, user=acas_system, transactionId=null
2014-11-11T22:40:41.091Z - info:  sourceApp=logUsage, action=User logged in succesfully: , data=, user=bob, transactionId=null
2014-11-12T00:03:21.940Z - info:  sourceApp=logUsage, action=ACAS Node server started, data=started, user=acas_system, transactionId=null
2014-11-12T00:03:22.234Z - info:  sourceApp=logUsage, action=ACAS API server started, data=started, user=acas_system, transactionId=null
2014-11-12T00:03:54.964Z - info:  sourceApp=logUsage, action=User logged in succesfully: , data=, user=bob, transactionId=null
2014-11-12T00:06:52.093Z - info:  sourceApp=logUsage, action=ACAS Node server started, data=started, user=acas_system, transactionId=null
2014-11-12T00:06:52.381Z - info:  sourceApp=logUsage, action=ACAS API server started, data=started, user=acas_system, transactionId=null
2014-11-12T00:08:16.995Z - info:  sourceApp=logUsage, action=User logged in succesfully: , data=, user=bob, transactionId=null
2014-11-12T00:09:16.099Z - info:  sourceApp=logUsage, action=ACAS Node server started, data=started, user=acas_system, transactionId=null
2014-11-12T00:09:16.395Z - info:  sourceApp=logUsage, action=ACAS API server started, data=started, user=acas_system, transactionId=null
2014-11-12T00:12:25.321Z - info:  sourceApp=logUsage, action=Connection to authentication service failed: , data=, user=bob, transactionId=null
2014-11-12T00:12:25.324Z - info:  sourceApp=logUsage, action=Connection to authentication service failed: , data=, user=bob, transactionId=null
2014-11-12T00:12:25.324Z - info:  sourceApp=logUsage, action=Connection to authentication service failed: , data=, user=bob, transactionId=null
2014-11-12T00:12:29.320Z - info:  sourceApp=logUsage, action=Connection to authentication service failed: , data=, user=bob, transactionId=null
2014-11-12T00:12:32.084Z - info:  sourceApp=logUsage, action=Connection to authentication service failed: , data=, user=bob, transactionId=null
2014-11-12T00:12:34.495Z - info:  sourceApp=logUsage, action=Connection to authentication service failed: , data=, user=bob, transactionId=null
2014-11-12T00:12:42.718Z - info:  sourceApp=logUsage, action=ACAS Node server started, data=started, user=acas_system, transactionId=null
2014-11-12T00:12:42.973Z - info:  sourceApp=logUsage, action=ACAS API server started, data=started, user=acas_system, transactionId=null
2014-11-12T00:13:37.000Z - info:  sourceApp=logUsage, action=User logged in succesfully: , data=, user=bob, transactionId=null
